<?xml version="1.0" encoding="UTF-8"?>
<!-- Generated by org.testng.reporters.JUnitReportReporter -->
<testsuite hostname="DESKTOP-K0CRIUF" failures="0" tests="4" name="com.suriya.todo.testcases.ToDoTest" time="79.581" errors="0" timestamp="2025-02-25T17:13:53 IST" skipped="0">
  <testcase classname="com.suriya.todo.testcases.ToDoTest" name="testAddToDo" time="5.288"/>
  <system-out/>
  <testcase classname="com.suriya.todo.testcases.ToDoTest" name="testMarkCompleted" time="10.498"/>
  <system-out/>
  <testcase classname="com.suriya.todo.testcases.ToDoTest" name="testDeleteToDo" time="20.697"/>
  <system-out/>
  <testcase classname="com.suriya.todo.testcases.ToDoTest" name="testFilterToDos" time="43.098"/>
  <system-out/>
</testsuite> <!-- com.suriya.todo.testcases.ToDoTest -->
